2022-07-02 22:08:39,162 loglevel=INFO   /img/airplane/location
2022-07-02 22:08:40,445 loglevel=INFO   /docs
2022-07-02 22:08:40,615 loglevel=INFO   /openapi.json
2022-07-02 22:08:51,842 loglevel=INFO   /img/airplanes/givenNumber
2022-07-02 22:09:39,022 loglevel=INFO   /docs
2022-07-02 22:09:39,109 loglevel=INFO   /openapi.json
2022-07-02 22:09:42,004 loglevel=INFO   /img/airplanes/givenNumber
2022-07-02 22:09:44,485 loglevel=INFO   /img/airplanes/givenNumber
2022-07-02 22:11:10,624 loglevel=INFO   /docs
2022-07-02 22:11:10,702 loglevel=INFO   /openapi.json
2022-07-02 22:11:13,227 loglevel=INFO   /img/airplanes/givenNumber
2022-07-02 22:13:57,138 loglevel=INFO   /docs
2022-07-02 22:13:57,250 loglevel=INFO   /openapi.json
2022-07-02 22:14:00,007 loglevel=INFO   /img/airplanes/givenNumber
2022-07-02 22:14:55,644 loglevel=INFO   /docs
2022-07-02 22:14:55,765 loglevel=INFO   /openapi.json
2022-07-02 22:14:58,832 loglevel=INFO   /img/airplanes/givenNumber
2022-07-02 22:15:10,852 loglevel=INFO   /img/airplanes/givenNumber
2022-07-02 22:16:16,477 loglevel=INFO   /img/airplanes/givenNumber
2022-07-02 22:17:13,615 loglevel=INFO   /docs
2022-07-02 22:17:13,745 loglevel=INFO   /openapi.json
2022-07-02 22:17:19,315 loglevel=INFO   /img/airplanes/givenNumber
2022-07-02 22:25:26,185 loglevel=INFO   /docs
2022-07-02 22:25:26,262 loglevel=INFO   /openapi.json
2022-07-02 22:25:30,733 loglevel=INFO   /img/airplanes/givenNumber
2022-07-02 22:30:37,052 loglevel=INFO   /docs
2022-07-02 22:30:37,184 loglevel=INFO   /openapi.json
2022-07-02 22:30:39,784 loglevel=INFO   /img/airplanes/givenNumber
2022-07-02 22:36:58,468 loglevel=INFO   /img/airplanes/givenNumber
2022-07-02 22:39:14,551 loglevel=INFO   /img/airplanes/givenNumber
2022-07-02 22:44:26,330 loglevel=INFO   /docs
2022-07-02 22:44:26,445 loglevel=INFO   /openapi.json
2022-07-02 22:44:29,229 loglevel=INFO   /img/airplanes/givenNumber
2022-07-02 22:55:22,727 loglevel=INFO   /docs
2022-07-02 22:55:22,841 loglevel=INFO   /openapi.json
2022-07-02 22:55:25,204 loglevel=INFO   /img/airplanes/givenNumber
2022-07-02 22:56:23,589 loglevel=INFO   /s3/img
2022-07-02 22:57:48,530 loglevel=INFO   /img/display
2022-07-02 22:58:00,204 loglevel=INFO   /s3/img/airplanes
2022-07-02 22:58:05,705 loglevel=INFO   /s3/img/airplanes
2022-07-02 22:58:16,607 loglevel=INFO   /s3/img/airplanes
2022-07-02 22:58:18,147 loglevel=INFO   /docs
2022-07-02 22:58:18,269 loglevel=INFO   /openapi.json
2022-07-02 22:58:23,570 loglevel=INFO   /s3/img/airplanes
2022-07-02 22:58:52,783 loglevel=INFO   /s3/img/location
2022-07-02 22:59:06,101 loglevel=INFO   /s3/img
2022-07-02 22:59:13,430 loglevel=INFO   /s3/img/location
2022-07-02 23:07:58,072 loglevel=INFO   /docs
2022-07-02 23:07:58,196 loglevel=INFO   /openapi.json
2022-07-02 23:08:06,877 loglevel=INFO   /s3/img/airplanes
2022-07-02 23:08:21,508 loglevel=INFO   /s3/img/location
2022-07-02 23:11:54,046 loglevel=INFO   /img/display
2022-07-02 23:32:20,002 loglevel=INFO   /token
2022-07-02 23:32:34,538 loglevel=INFO   /users/me/
2022-07-02 23:32:45,980 loglevel=INFO   /token
2022-07-02 23:32:56,298 loglevel=INFO   /users/me/
2022-07-02 23:33:48,724 loglevel=INFO   /users/me/
2022-07-02 23:35:40,741 loglevel=INFO   /docs
2022-07-02 23:35:40,869 loglevel=INFO   /openapi.json
2022-07-02 23:36:05,113 loglevel=INFO   /img/airplane/location
2022-07-02 23:38:41,807 loglevel=INFO   /docs
2022-07-02 23:38:41,883 loglevel=INFO   /openapi.json
2022-07-02 23:41:01,224 loglevel=INFO   /token
2022-07-02 23:41:14,876 loglevel=INFO   /img/airplane/location
2022-07-02 23:42:28,121 loglevel=INFO   /img/airplane/location
2022-07-02 23:42:48,068 loglevel=INFO   /img/airplane/location
2022-07-02 23:44:32,892 loglevel=INFO   /img/airplane/location
2022-07-02 23:53:52,679 loglevel=INFO   /img/airplane/location
2022-07-03 00:02:28,282 loglevel=INFO   /token
2022-07-03 00:22:21,654 loglevel=INFO   /img/airplane/location
2022-07-03 00:27:09,351 loglevel=INFO   /img/airplane/location
2022-07-03 00:36:07,677 loglevel=INFO   /token
2022-07-03 00:44:17,200 loglevel=INFO   /img/airplane/location
2022-07-03 00:44:31,392 loglevel=INFO   /token
2022-07-03 00:44:45,470 loglevel=INFO   /img/airplane/location
2022-07-03 00:51:34,519 loglevel=INFO   /img/airplane/location
2022-07-03 00:51:34,525 loglevel=INFO   /token
2022-07-03 00:53:17,704 loglevel=INFO   /img/airplane/location
2022-07-03 00:53:17,711 loglevel=INFO   /token
2022-07-03 00:54:14,729 loglevel=INFO   /img/airplane/location
2022-07-03 00:54:14,733 loglevel=INFO   /token
2022-07-03 00:54:44,728 loglevel=INFO   /img/airplane/location
2022-07-03 00:54:44,732 loglevel=INFO   /token
2022-07-03 00:55:54,188 loglevel=INFO   /img/airplane/location
2022-07-03 00:55:54,191 loglevel=INFO   /token
2022-07-03 00:55:54,467 loglevel=INFO   /img/airplane/location
2022-07-03 00:59:34,324 loglevel=INFO   /img/airplane/location
2022-07-03 00:59:34,329 loglevel=INFO   /token
2022-07-03 00:59:34,607 loglevel=INFO   /img/airplane/location
2022-07-03 01:00:31,249 loglevel=INFO   /img/airplane/location
2022-07-03 01:00:31,255 loglevel=INFO   /token
2022-07-03 01:00:31,533 loglevel=INFO   /img/airplane/location
2022-07-03 01:07:39,880 loglevel=INFO   /img/airplane/location
2022-07-03 01:07:39,885 loglevel=INFO   /token
2022-07-03 01:07:40,162 loglevel=INFO   /img/airplane/location
2022-07-03 01:08:38,243 loglevel=INFO   /img/airplane/location
2022-07-03 01:08:38,247 loglevel=INFO   /token
2022-07-03 01:08:38,522 loglevel=INFO   /img/airplane/location
2022-07-03 01:17:44,978 loglevel=INFO   /docs
2022-07-03 01:17:45,110 loglevel=INFO   /openapi.json
2022-07-03 01:22:05,930 loglevel=INFO   /img/airplane/location
2022-07-03 01:22:05,935 loglevel=INFO   /token
2022-07-03 01:22:06,237 loglevel=INFO   /img/airplane/location
2022-07-03 01:24:50,658 loglevel=INFO   /img/airplane/location
2022-07-03 01:24:50,662 loglevel=INFO   /token
2022-07-03 01:24:50,938 loglevel=INFO   /img/airplane/location
2022-07-03 01:25:01,846 loglevel=INFO   /img/airplane/location
2022-07-03 01:25:01,850 loglevel=INFO   /token
2022-07-03 01:25:02,124 loglevel=INFO   /img/airplane/location
2022-07-03 01:25:12,226 loglevel=INFO   /img/airplane/location
2022-07-03 01:25:12,231 loglevel=INFO   /token
2022-07-03 01:25:12,507 loglevel=INFO   /img/airplane/location
2022-07-03 01:25:13,663 loglevel=INFO   /img/airplane/location
2022-07-03 01:25:13,667 loglevel=INFO   /token
2022-07-03 01:25:13,942 loglevel=INFO   /img/airplane/location
2022-07-03 01:28:03,005 loglevel=INFO   /img/airplane/location
2022-07-03 01:28:03,011 loglevel=INFO   /token
2022-07-03 01:28:03,287 loglevel=INFO   /img/airplane/location
2022-07-03 01:28:19,608 loglevel=INFO   /img/airplane/location
2022-07-03 01:28:19,612 loglevel=INFO   /token
2022-07-03 01:28:19,887 loglevel=INFO   /img/airplane/location
2022-07-03 01:28:24,566 loglevel=INFO   /img/airplane/location
2022-07-03 01:28:24,570 loglevel=INFO   /token
2022-07-03 01:28:24,845 loglevel=INFO   /img/airplane/location
2022-07-03 01:36:30,472 loglevel=INFO   /token
2022-07-03 01:36:30,753 loglevel=INFO   /img/airplane/location
2022-07-03 01:41:48,367 loglevel=INFO   /img/airplane/location
2022-07-03 01:42:06,676 loglevel=INFO   /token
2022-07-03 01:42:06,951 loglevel=INFO   /img/airplane/location
2022-07-03 01:49:47,609 loglevel=INFO   /token
2022-07-03 01:54:47,646 loglevel=INFO   /img/airplane/location
2022-07-03 01:56:06,294 loglevel=INFO   /token
2022-07-03 01:56:06,575 loglevel=INFO   /img/airplane/location
2022-07-03 01:57:22,930 loglevel=INFO   /token
2022-07-03 01:57:23,205 loglevel=INFO   /img/airplane/location
2022-07-03 01:58:58,891 loglevel=INFO   /token
2022-07-03 01:58:59,166 loglevel=INFO   /img/airplane/location
2022-07-03 02:00:34,773 loglevel=INFO   /token
2022-07-03 02:00:35,048 loglevel=INFO   /img/airplane/location
2022-07-03 02:00:42,928 loglevel=INFO   /token
2022-07-03 02:00:43,204 loglevel=INFO   /img/airplane/location
2022-07-03 02:00:48,288 loglevel=INFO   /token
2022-07-03 02:00:48,571 loglevel=INFO   /img/airplane/location
2022-07-03 02:00:51,222 loglevel=INFO   /token
2022-07-03 02:00:51,504 loglevel=INFO   /img/airplane/location
2022-07-03 02:19:01,594 loglevel=INFO   /token
2022-07-03 02:19:09,264 loglevel=INFO   /token
2022-07-03 02:19:09,855 loglevel=INFO   /img/airplane/location
2022-07-03 02:19:17,865 loglevel=INFO   /token
2022-07-03 02:19:21,912 loglevel=INFO   /token
2022-07-03 02:19:22,508 loglevel=INFO   /img/airplane/location
2022-07-03 02:22:56,557 loglevel=INFO   /img/airplane/location
2022-07-03 02:23:00,256 loglevel=INFO   /token
2022-07-03 02:23:07,131 loglevel=INFO   /token
2022-07-03 02:23:07,727 loglevel=INFO   /img/airplane/location
2022-07-03 02:23:21,186 loglevel=INFO   /token
2022-07-03 02:23:21,460 loglevel=INFO   /img/airplane/location
2022-07-03 02:23:27,396 loglevel=INFO   /token
2022-07-03 02:23:27,709 loglevel=INFO   /token
2022-07-03 02:23:27,984 loglevel=INFO   /img/airplane/location
2022-07-03 02:23:27,990 loglevel=WARNING Invalid_Image_ID_Input
2022-07-03 02:31:09,133 loglevel=INFO   /token
2022-07-03 02:31:18,455 loglevel=INFO   /img/airplane/location
2022-07-03 02:31:18,470 loglevel=WARNING Invalid_Image_ID_Input
2022-07-03 02:31:18,992 loglevel=INFO   /token
2022-07-03 02:31:19,306 loglevel=INFO   /token
2022-07-03 02:31:19,580 loglevel=INFO   /img/airplane/location
2022-07-03 02:31:19,587 loglevel=WARNING Invalid_Image_ID_Input
2022-07-03 02:31:29,732 loglevel=INFO   /token
2022-07-03 02:31:52,147 loglevel=INFO   /img/airplane/location
2022-07-03 02:31:59,574 loglevel=INFO   /token
2022-07-03 02:39:23,180 loglevel=INFO   /token
2022-07-03 02:39:41,542 loglevel=INFO   /img/airplanes/givenNumber
2022-07-03 02:51:08,916 loglevel=INFO   /docs
2022-07-03 02:51:09,295 loglevel=INFO   /openapi.json
2022-07-03 02:52:47,807 loglevel=INFO   /token
2022-07-03 02:53:17,720 loglevel=INFO   /img/airplanes/truncated
2022-07-03 03:06:55,094 loglevel=INFO   /token
2022-07-03 03:17:54,795 loglevel=INFO   /img/airplane/location
2022-07-03 03:17:54,829 loglevel=WARNING Invalid_Image_ID_Input
2022-07-03 03:19:51,047 loglevel=INFO   /token
2022-07-03 03:19:53,455 loglevel=INFO   /token
2022-07-03 03:37:53,353 loglevel=INFO   /img/airplane/location
2022-07-03 03:37:53,381 loglevel=WARNING Invalid_Image_ID_Input
2022-07-03 03:37:55,439 loglevel=INFO   /token
2022-07-03 03:37:56,621 loglevel=INFO   /token
2022-07-03 04:24:09,145 loglevel=INFO   /img/airplane/location
2022-07-03 04:26:58,091 loglevel=INFO   /token
2022-07-03 04:27:14,056 loglevel=INFO   /img/airplane/location
2022-07-03 04:32:30,814 loglevel=INFO   /token
2022-07-03 04:32:55,181 loglevel=INFO   /img/airplane/location
2022-07-03 04:33:20,992 loglevel=INFO   /token
2022-07-03 04:33:31,613 loglevel=INFO   /img/airplane/location
2022-07-03 04:35:30,438 loglevel=INFO   /token
2022-07-02 22:21:57,098 loglevel=INFO   /docs
2022-07-02 22:21:57,437 loglevel=INFO   /openapi.json
2022-07-02 22:27:01,895 loglevel=INFO   /img/airplanes/maximum
2022-07-02 22:27:08,001 loglevel=INFO   /img/airplanes/maximum
2022-07-02 22:29:50,175 loglevel=INFO   /img/airplane/location
2022-07-02 22:29:58,670 loglevel=INFO   /img/airplane/location
2022-07-02 22:30:02,907 loglevel=INFO   /img/airplane/location
2022-07-02 22:30:07,044 loglevel=INFO   /img/airplane/location
2022-07-02 22:30:10,962 loglevel=INFO   /img/airplane/location
2022-07-02 22:30:18,127 loglevel=INFO   /img/airplane/location
2022-07-02 22:30:18,153 loglevel=WARNING Invalid_Image_ID_Input
2022-07-02 22:30:22,496 loglevel=INFO   /img/airplane/location
2022-07-02 22:30:22,526 loglevel=WARNING Invalid_Image_ID_Input
2022-07-02 22:30:24,474 loglevel=INFO   /img/airplane/location
2022-07-02 22:30:24,505 loglevel=WARNING Invalid_Image_ID_Input
2022-07-02 22:30:25,972 loglevel=INFO   /img/airplane/location
2022-07-02 22:30:25,996 loglevel=WARNING Invalid_Image_ID_Input
2022-07-02 22:30:26,871 loglevel=INFO   /img/airplane/location
2022-07-02 22:30:26,898 loglevel=WARNING Invalid_Image_ID_Input
2022-07-02 22:30:35,535 loglevel=INFO   /img/airplanes/coordinates
2022-07-02 22:30:39,132 loglevel=INFO   /img/airplanes/coordinates
2022-07-02 22:30:40,488 loglevel=INFO   /img/airplanes/coordinates
2022-07-02 22:30:42,611 loglevel=INFO   /img/airplanes/coordinates
2022-07-02 22:30:44,491 loglevel=INFO   /img/airplanes/coordinates
2022-07-02 22:30:46,169 loglevel=INFO   /img/airplanes/coordinates
2022-07-02 22:30:47,480 loglevel=INFO   /img/airplanes/coordinates
2022-07-02 22:30:52,387 loglevel=INFO   /img/airplanes/coordinates
2022-07-02 22:30:52,411 loglevel=WARNING Invalid_Image_ID_Input
2022-07-02 22:30:53,383 loglevel=INFO   /img/airplanes/coordinates
2022-07-02 22:30:53,405 loglevel=WARNING Invalid_Image_ID_Input
2022-07-02 22:30:54,081 loglevel=INFO   /img/airplanes/coordinates
2022-07-02 22:30:54,101 loglevel=WARNING Invalid_Image_ID_Input
2022-07-02 22:31:03,858 loglevel=INFO   /img/display
2022-07-02 22:31:08,039 loglevel=INFO   /img/display
2022-07-02 22:31:11,621 loglevel=INFO   /img/display
2022-07-02 22:31:15,327 loglevel=INFO   /img/display
2022-07-02 22:31:18,909 loglevel=INFO   /img/display
2022-07-02 22:31:22,544 loglevel=INFO   /img/display
2022-07-02 22:31:29,917 loglevel=INFO   /img/display
2022-07-02 22:31:29,939 loglevel=WARNING Invalid_Image_ID_Input
2022-07-02 22:31:32,876 loglevel=INFO   /img/display
2022-07-02 22:31:32,900 loglevel=WARNING Invalid_Image_ID_Input
2022-07-02 22:31:33,995 loglevel=INFO   /img/display
2022-07-02 22:31:34,015 loglevel=WARNING Invalid_Image_ID_Input
2022-07-02 22:31:34,685 loglevel=INFO   /img/display
2022-07-02 22:31:34,707 loglevel=WARNING Invalid_Image_ID_Input
2022-07-02 22:31:35,247 loglevel=INFO   /img/display
2022-07-02 22:31:35,269 loglevel=WARNING Invalid_Image_ID_Input
2022-07-02 22:31:35,705 loglevel=INFO   /img/display
2022-07-02 22:31:35,726 loglevel=WARNING Invalid_Image_ID_Input
2022-07-02 22:31:36,172 loglevel=INFO   /img/display
2022-07-02 22:31:36,199 loglevel=WARNING Invalid_Image_ID_Input
2022-07-02 22:31:36,637 loglevel=INFO   /img/display
2022-07-02 22:31:36,661 loglevel=WARNING Invalid_Image_ID_Input
2022-07-02 22:31:48,715 loglevel=INFO   /img/airplanes/count
2022-07-02 22:31:53,253 loglevel=INFO   /img/airplanes/count
2022-07-02 22:31:57,166 loglevel=INFO   /img/airplanes/count
2022-07-02 22:32:00,877 loglevel=INFO   /img/airplanes/count
2022-07-02 22:32:04,626 loglevel=INFO   /img/airplanes/count
2022-07-02 22:32:08,106 loglevel=INFO   /img/airplanes/count
2022-07-02 22:32:12,427 loglevel=INFO   /img/airplanes/count
2022-07-02 22:32:26,814 loglevel=INFO   /img/airplanes/givenNumber
2022-07-02 22:32:31,128 loglevel=INFO   /img/airplanes/givenNumber
2022-07-02 22:32:35,070 loglevel=INFO   /img/airplanes/givenNumber
2022-07-02 22:32:38,857 loglevel=INFO   /img/airplanes/givenNumber
2022-07-02 22:32:43,643 loglevel=INFO   /img/airplanes/givenNumber
2022-07-02 22:32:51,838 loglevel=INFO   /img/airplanes/maximum
2022-07-02 22:32:56,665 loglevel=INFO   /img/airplanes/maximum
2022-07-02 22:33:00,139 loglevel=INFO   /img/airplanes/maximum
2022-07-02 22:33:04,067 loglevel=INFO   /img/airplanes/maximum
2022-07-02 22:33:07,824 loglevel=INFO   /img/airplanes/maximum
2022-07-02 22:33:11,468 loglevel=INFO   /img/airplanes/maximum
2022-07-02 22:33:26,506 loglevel=INFO   /img/airplanes/truncated
2022-07-02 22:33:30,767 loglevel=INFO   /img/airplanes/truncated
2022-07-02 22:33:34,635 loglevel=INFO   /img/airplanes/truncated
2022-07-02 22:33:38,415 loglevel=INFO   /img/airplanes/truncated
2022-07-02 22:33:42,220 loglevel=INFO   /img/airplanes/truncated
2022-07-02 22:33:45,606 loglevel=INFO   /img/airplanes/truncated
2022-07-02 22:33:49,162 loglevel=INFO   /img/airplanes/truncated
